2026-04-13 15:41:46,097 - LinkedInPoster - INFO - 
======================================================================
2026-04-13 15:41:46,098 - LinkedInPoster - INFO -   LINKEDIN POSTER - FULLY AUTOMATIC
2026-04-13 15:41:46,098 - LinkedInPoster - INFO -   Personal AI Employee Hackathon 0
2026-04-13 15:41:46,098 - LinkedInPoster - INFO - ======================================================================

2026-04-13 15:41:46,099 - LinkedInPoster - INFO - Found 0 approved post(s)
2026-04-13 15:41:46,099 - LinkedInPoster - INFO - No approved posts found!
2026-04-13 15:41:46,100 - LinkedInPoster - INFO - 
To create and approve posts:
2026-04-13 15:41:46,100 - LinkedInPoster - INFO -   1. python -c "from agent_skills import AIEmployeeSkills; s = AIEmployeeSkills(); s.create_linkedin_post('Your content')"
2026-04-13 15:41:46,100 - LinkedInPoster - INFO -   2. move Social_Posts\*.md Approved\
2026-04-13 15:41:46,100 - LinkedInPoster - INFO -   3. python watchers/linkedin_poster.py
2026-04-13 15:46:07,068 - LinkedInPoster - INFO - 
======================================================================
2026-04-13 15:46:07,068 - LinkedInPoster - INFO -   LINKEDIN POSTER - FULLY AUTOMATIC
2026-04-13 15:46:07,069 - LinkedInPoster - INFO -   Personal AI Employee Hackathon 0
2026-04-13 15:46:07,069 - LinkedInPoster - INFO - ======================================================================

2026-04-13 15:46:07,070 - LinkedInPoster - INFO - Found 0 approved post(s)
2026-04-13 15:46:07,071 - LinkedInPoster - INFO - No approved posts found!
2026-04-13 15:46:07,071 - LinkedInPoster - INFO - 
To create and approve posts:
2026-04-13 15:46:07,071 - LinkedInPoster - INFO -   1. python -c "from agent_skills import AIEmployeeSkills; s = AIEmployeeSkills(); s.create_linkedin_post('Your content')"
2026-04-13 15:46:07,072 - LinkedInPoster - INFO -   2. move Social_Posts\*.md Approved\
2026-04-13 15:46:07,072 - LinkedInPoster - INFO -   3. python watchers/linkedin_poster.py
